{"D:\\collabera\\project\\clinic-mgmt-app\\server\\src\\config\\connection.js": {"path":"D:\\collabera\\project\\clinic-mgmt-app\\server\\src\\config\\connection.js","statementMap":{"0":{"start":{"line":6,"column":11},"end":{"line":6,"column":113}},"1":{"start":{"line":7,"column":0},"end":{"line":9,"column":40}},"2":{"start":{"line":8,"column":11},"end":{"line":8,"column":48}},"3":{"start":{"line":9,"column":15},"end":{"line":9,"column":38}}},"fnMap":{"0":{"name":"(anonymous_0)","decl":{"start":{"line":8,"column":6},"end":{"line":8,"column":7}},"loc":{"start":{"line":8,"column":10},"end":{"line":8,"column":49}},"line":8},"1":{"name":"(anonymous_1)","decl":{"start":{"line":9,"column":7},"end":{"line":9,"column":8}},"loc":{"start":{"line":9,"column":14},"end":{"line":9,"column":39}},"line":9}},"branchMap":{},"s":{"0":1,"1":1,"2":0,"3":0},"f":{"0":0,"1":0},"b":{},"_coverageSchema":"1a1c01bbd47fc00a2c39e90264f33305004495a9","hash":"64e8d4cc9c7948302758b9d3bf4c46631c0aa593"}
,"D:\\collabera\\project\\clinic-mgmt-app\\server\\src\\config\\logger.js": {"path":"D:\\collabera\\project\\clinic-mgmt-app\\server\\src\\config\\logger.js","statementMap":{"0":{"start":{"line":4,"column":13},"end":{"line":7,"column":1}},"1":{"start":{"line":8,"column":12},"end":{"line":8,"column":55}}},"fnMap":{},"branchMap":{},"s":{"0":1,"1":1},"f":{},"b":{},"_coverageSchema":"1a1c01bbd47fc00a2c39e90264f33305004495a9","hash":"4b2852595602da86f53cd70c6259ce35b88a3a05"}
,"D:\\collabera\\project\\clinic-mgmt-app\\server\\src\\models\\appointments.js": {"path":"D:\\collabera\\project\\clinic-mgmt-app\\server\\src\\models\\appointments.js","statementMap":{"0":{"start":{"line":4,"column":27},"end":{"line":28,"column":2}},"1":{"start":{"line":30,"column":0},"end":{"line":30,"column":50}}},"fnMap":{},"branchMap":{},"s":{"0":1,"1":1},"f":{},"b":{},"_coverageSchema":"1a1c01bbd47fc00a2c39e90264f33305004495a9","hash":"0c3935b3c8e08e81c816712142aa7df37f9269fd"}
,"D:\\collabera\\project\\clinic-mgmt-app\\server\\src\\models\\doctor.js": {"path":"D:\\collabera\\project\\clinic-mgmt-app\\server\\src\\models\\doctor.js","statementMap":{"0":{"start":{"line":3,"column":21},"end":{"line":23,"column":2}},"1":{"start":{"line":24,"column":0},"end":{"line":24,"column":40}}},"fnMap":{},"branchMap":{},"s":{"0":1,"1":1},"f":{},"b":{},"_coverageSchema":"1a1c01bbd47fc00a2c39e90264f33305004495a9","hash":"07eb3ccdf97b3775c1a8f7823ac7e91d6e3f6364"}
,"D:\\collabera\\project\\clinic-mgmt-app\\server\\src\\models\\mainModel.js": {"path":"D:\\collabera\\project\\clinic-mgmt-app\\server\\src\\models\\mainModel.js","statementMap":{},"fnMap":{},"branchMap":{},"s":{},"f":{},"b":{},"_coverageSchema":"1a1c01bbd47fc00a2c39e90264f33305004495a9","hash":"c733a9716761b01df4e6918950c4093800b2151e"}
,"D:\\collabera\\project\\clinic-mgmt-app\\server\\src\\models\\patientHistory.js": {"path":"D:\\collabera\\project\\clinic-mgmt-app\\server\\src\\models\\patientHistory.js","statementMap":{"0":{"start":{"line":4,"column":29},"end":{"line":24,"column":2}},"1":{"start":{"line":26,"column":0},"end":{"line":26,"column":55}}},"fnMap":{},"branchMap":{},"s":{"0":1,"1":1},"f":{},"b":{},"_coverageSchema":"1a1c01bbd47fc00a2c39e90264f33305004495a9","hash":"7f8281f6f44a93d7d64d3c8b3543dab42dee0090"}
,"D:\\collabera\\project\\clinic-mgmt-app\\server\\src\\models\\patients.js": {"path":"D:\\collabera\\project\\clinic-mgmt-app\\server\\src\\models\\patients.js","statementMap":{"0":{"start":{"line":4,"column":22},"end":{"line":24,"column":2}},"1":{"start":{"line":26,"column":0},"end":{"line":26,"column":42}}},"fnMap":{},"branchMap":{},"s":{"0":1,"1":1},"f":{},"b":{},"_coverageSchema":"1a1c01bbd47fc00a2c39e90264f33305004495a9","hash":"67d31f35f262d1f317c50e1c660ba668d3e1249b"}
,"D:\\collabera\\project\\clinic-mgmt-app\\server\\src\\models\\specialities.js": {"path":"D:\\collabera\\project\\clinic-mgmt-app\\server\\src\\models\\specialities.js","statementMap":{"0":{"start":{"line":4,"column":27},"end":{"line":11,"column":2}},"1":{"start":{"line":13,"column":0},"end":{"line":13,"column":51}}},"fnMap":{},"branchMap":{},"s":{"0":1,"1":1},"f":{},"b":{},"_coverageSchema":"1a1c01bbd47fc00a2c39e90264f33305004495a9","hash":"1ff82ac31f9bc61c8e4cb0dfd4b963b2f3716a93"}
,"D:\\collabera\\project\\clinic-mgmt-app\\server\\src\\models\\timeSlot.js": {"path":"D:\\collabera\\project\\clinic-mgmt-app\\server\\src\\models\\timeSlot.js","statementMap":{"0":{"start":{"line":4,"column":23},"end":{"line":13,"column":2}},"1":{"start":{"line":15,"column":0},"end":{"line":15,"column":43}}},"fnMap":{},"branchMap":{},"s":{"0":1,"1":1},"f":{},"b":{},"_coverageSchema":"1a1c01bbd47fc00a2c39e90264f33305004495a9","hash":"b78f20968564cd72e7d5edbcb60759d1165d06a9"}
,"D:\\collabera\\project\\clinic-mgmt-app\\server\\src\\router\\app.js": {"path":"D:\\collabera\\project\\clinic-mgmt-app\\server\\src\\router\\app.js","statementMap":{"0":{"start":{"line":11,"column":15},"end":{"line":11,"column":40}},"1":{"start":{"line":12,"column":21},"end":{"line":12,"column":51}},"2":{"start":{"line":13,"column":23},"end":{"line":13,"column":55}},"3":{"start":{"line":14,"column":17},"end":{"line":14,"column":43}},"4":{"start":{"line":15,"column":21},"end":{"line":15,"column":51}},"5":{"start":{"line":16,"column":17},"end":{"line":16,"column":43}},"6":{"start":{"line":18,"column":12},"end":{"line":18,"column":21}},"7":{"start":{"line":19,"column":0},"end":{"line":19,"column":16}},"8":{"start":{"line":20,"column":0},"end":{"line":20,"column":52}},"9":{"start":{"line":21,"column":0},"end":{"line":21,"column":27}},"10":{"start":{"line":24,"column":0},"end":{"line":26,"column":3}},"11":{"start":{"line":25,"column":2},"end":{"line":25,"column":54}},"12":{"start":{"line":29,"column":0},"end":{"line":35,"column":3}},"13":{"start":{"line":30,"column":2},"end":{"line":30,"column":37}},"14":{"start":{"line":31,"column":4},"end":{"line":34,"column":7}},"15":{"start":{"line":32,"column":12},"end":{"line":32,"column":27}},"16":{"start":{"line":33,"column":12},"end":{"line":33,"column":52}},"17":{"start":{"line":38,"column":0},"end":{"line":44,"column":3}},"18":{"start":{"line":39,"column":2},"end":{"line":39,"column":82}},"19":{"start":{"line":40,"column":16},"end":{"line":40,"column":31}},"20":{"start":{"line":41,"column":2},"end":{"line":43,"column":5}},"21":{"start":{"line":42,"column":10},"end":{"line":42,"column":25}},"22":{"start":{"line":47,"column":0},"end":{"line":53,"column":3}},"23":{"start":{"line":48,"column":2},"end":{"line":48,"column":82}},"24":{"start":{"line":49,"column":22},"end":{"line":49,"column":43}},"25":{"start":{"line":50,"column":2},"end":{"line":52,"column":5}},"26":{"start":{"line":51,"column":10},"end":{"line":51,"column":25}},"27":{"start":{"line":56,"column":0},"end":{"line":64,"column":3}},"28":{"start":{"line":57,"column":2},"end":{"line":57,"column":65}},"29":{"start":{"line":58,"column":2},"end":{"line":63,"column":7}},"30":{"start":{"line":59,"column":6},"end":{"line":59,"column":62}},"31":{"start":{"line":60,"column":6},"end":{"line":60,"column":74}},"32":{"start":{"line":62,"column":6},"end":{"line":62,"column":21}},"33":{"start":{"line":67,"column":0},"end":{"line":77,"column":3}},"34":{"start":{"line":68,"column":2},"end":{"line":68,"column":72}},"35":{"start":{"line":69,"column":2},"end":{"line":76,"column":7}},"36":{"start":{"line":71,"column":6},"end":{"line":71,"column":48}},"37":{"start":{"line":72,"column":6},"end":{"line":72,"column":64}},"38":{"start":{"line":73,"column":6},"end":{"line":73,"column":79}},"39":{"start":{"line":75,"column":6},"end":{"line":75,"column":21}},"40":{"start":{"line":80,"column":0},"end":{"line":91,"column":3}},"41":{"start":{"line":81,"column":2},"end":{"line":81,"column":77}},"42":{"start":{"line":82,"column":2},"end":{"line":90,"column":5}},"43":{"start":{"line":83,"column":4},"end":{"line":83,"column":34}},"44":{"start":{"line":84,"column":4},"end":{"line":84,"column":62}},"45":{"start":{"line":85,"column":4},"end":{"line":85,"column":42}},"46":{"start":{"line":87,"column":4},"end":{"line":87,"column":29}},"47":{"start":{"line":88,"column":4},"end":{"line":88,"column":65}},"48":{"start":{"line":94,"column":0},"end":{"line":103,"column":3}},"49":{"start":{"line":95,"column":2},"end":{"line":95,"column":77}},"50":{"start":{"line":96,"column":2},"end":{"line":102,"column":7}},"51":{"start":{"line":97,"column":4},"end":{"line":97,"column":72}},"52":{"start":{"line":98,"column":6},"end":{"line":98,"column":43}},"53":{"start":{"line":99,"column":6},"end":{"line":99,"column":64}},"54":{"start":{"line":101,"column":6},"end":{"line":101,"column":69}}},"fnMap":{"0":{"name":"(anonymous_0)","decl":{"start":{"line":24,"column":13},"end":{"line":24,"column":14}},"loc":{"start":{"line":24,"column":27},"end":{"line":26,"column":1}},"line":24},"1":{"name":"(anonymous_1)","decl":{"start":{"line":29,"column":27},"end":{"line":29,"column":28}},"loc":{"start":{"line":29,"column":41},"end":{"line":35,"column":1}},"line":29},"2":{"name":"(anonymous_2)","decl":{"start":{"line":31,"column":20},"end":{"line":31,"column":21}},"loc":{"start":{"line":31,"column":41},"end":{"line":34,"column":5}},"line":31},"3":{"name":"(anonymous_3)","decl":{"start":{"line":38,"column":38},"end":{"line":38,"column":39}},"loc":{"start":{"line":38,"column":52},"end":{"line":44,"column":1}},"line":38},"4":{"name":"(anonymous_4)","decl":{"start":{"line":41,"column":28},"end":{"line":41,"column":29}},"loc":{"start":{"line":41,"column":49},"end":{"line":43,"column":3}},"line":41},"5":{"name":"(anonymous_5)","decl":{"start":{"line":47,"column":50},"end":{"line":47,"column":51}},"loc":{"start":{"line":47,"column":65},"end":{"line":53,"column":1}},"line":47},"6":{"name":"(anonymous_6)","decl":{"start":{"line":50,"column":40},"end":{"line":50,"column":41}},"loc":{"start":{"line":50,"column":61},"end":{"line":52,"column":3}},"line":50},"7":{"name":"(anonymous_7)","decl":{"start":{"line":56,"column":24},"end":{"line":56,"column":25}},"loc":{"start":{"line":56,"column":37},"end":{"line":64,"column":1}},"line":56},"8":{"name":"(anonymous_8)","decl":{"start":{"line":58,"column":31},"end":{"line":58,"column":32}},"loc":{"start":{"line":58,"column":40},"end":{"line":61,"column":5}},"line":58},"9":{"name":"(anonymous_9)","decl":{"start":{"line":61,"column":13},"end":{"line":61,"column":14}},"loc":{"start":{"line":61,"column":22},"end":{"line":63,"column":5}},"line":61},"10":{"name":"(anonymous_10)","decl":{"start":{"line":67,"column":29},"end":{"line":67,"column":30}},"loc":{"start":{"line":67,"column":42},"end":{"line":77,"column":1}},"line":67},"11":{"name":"(anonymous_11)","decl":{"start":{"line":70,"column":10},"end":{"line":70,"column":11}},"loc":{"start":{"line":70,"column":19},"end":{"line":74,"column":5}},"line":70},"12":{"name":"(anonymous_12)","decl":{"start":{"line":74,"column":13},"end":{"line":74,"column":14}},"loc":{"start":{"line":74,"column":22},"end":{"line":76,"column":5}},"line":74},"13":{"name":"(anonymous_13)","decl":{"start":{"line":80,"column":41},"end":{"line":80,"column":42}},"loc":{"start":{"line":80,"column":56},"end":{"line":91,"column":1}},"line":80},"14":{"name":"(anonymous_14)","decl":{"start":{"line":82,"column":65},"end":{"line":82,"column":66}},"loc":{"start":{"line":82,"column":74},"end":{"line":86,"column":3}},"line":82},"15":{"name":"(anonymous_15)","decl":{"start":{"line":86,"column":11},"end":{"line":86,"column":12}},"loc":{"start":{"line":86,"column":20},"end":{"line":90,"column":3}},"line":86},"16":{"name":"(anonymous_16)","decl":{"start":{"line":94,"column":31},"end":{"line":94,"column":32}},"loc":{"start":{"line":94,"column":44},"end":{"line":103,"column":1}},"line":94},"17":{"name":"(anonymous_17)","decl":{"start":{"line":96,"column":47},"end":{"line":96,"column":48}},"loc":{"start":{"line":96,"column":56},"end":{"line":100,"column":5}},"line":96},"18":{"name":"(anonymous_18)","decl":{"start":{"line":100,"column":13},"end":{"line":100,"column":14}},"loc":{"start":{"line":100,"column":22},"end":{"line":102,"column":5}},"line":100}},"branchMap":{},"s":{"0":1,"1":1,"2":1,"3":1,"4":1,"5":1,"6":1,"7":1,"8":1,"9":1,"10":1,"11":1,"12":1,"13":0,"14":0,"15":0,"16":0,"17":1,"18":0,"19":0,"20":0,"21":0,"22":1,"23":0,"24":0,"25":0,"26":0,"27":1,"28":1,"29":1,"30":0,"31":0,"32":1,"33":1,"34":0,"35":0,"36":0,"37":0,"38":0,"39":0,"40":1,"41":0,"42":0,"43":0,"44":0,"45":0,"46":0,"47":0,"48":1,"49":0,"50":0,"51":0,"52":0,"53":0,"54":0},"f":{"0":1,"1":0,"2":0,"3":0,"4":0,"5":0,"6":0,"7":1,"8":0,"9":1,"10":0,"11":0,"12":0,"13":0,"14":0,"15":0,"16":0,"17":0,"18":0},"b":{},"_coverageSchema":"1a1c01bbd47fc00a2c39e90264f33305004495a9","hash":"270b833923fa3bd94d9d225c63eeecab8d44f356"}
}
