TN:
SF:src\config\connection.js
FN:8,(anonymous_0)
FN:9,(anonymous_1)
FNF:2
FNH:0
FNDA:0,(anonymous_0)
FNDA:0,(anonymous_1)
DA:6,1
DA:7,1
DA:8,0
DA:9,0
LF:4
LH:2
BRF:0
BRH:0
end_of_record
TN:
SF:src\config\logger.js
FNF:0
FNH:0
DA:4,1
DA:8,1
LF:2
LH:2
BRF:0
BRH:0
end_of_record
TN:
SF:src\models\appointments.js
FNF:0
FNH:0
DA:4,1
DA:30,1
LF:2
LH:2
BRF:0
BRH:0
end_of_record
TN:
SF:src\models\doctor.js
FNF:0
FNH:0
DA:3,1
DA:24,1
LF:2
LH:2
BRF:0
BRH:0
end_of_record
TN:
SF:src\models\mainModel.js
FNF:0
FNH:0
LF:0
LH:0
BRF:0
BRH:0
end_of_record
TN:
SF:src\models\patientHistory.js
FNF:0
FNH:0
DA:4,1
DA:26,1
LF:2
LH:2
BRF:0
BRH:0
end_of_record
TN:
SF:src\models\patients.js
FNF:0
FNH:0
DA:4,1
DA:26,1
LF:2
LH:2
BRF:0
BRH:0
end_of_record
TN:
SF:src\models\specialities.js
FNF:0
FNH:0
DA:4,1
DA:13,1
LF:2
LH:2
BRF:0
BRH:0
end_of_record
TN:
SF:src\models\timeSlot.js
FNF:0
FNH:0
DA:4,1
DA:15,1
LF:2
LH:2
BRF:0
BRH:0
end_of_record
TN:
SF:src\router\app.js
FN:24,(anonymous_0)
FN:29,(anonymous_1)
FN:31,(anonymous_2)
FN:38,(anonymous_3)
FN:41,(anonymous_4)
FN:47,(anonymous_5)
FN:50,(anonymous_6)
FN:56,(anonymous_7)
FN:58,(anonymous_8)
FN:61,(anonymous_9)
FN:67,(anonymous_10)
FN:70,(anonymous_11)
FN:74,(anonymous_12)
FN:80,(anonymous_13)
FN:82,(anonymous_14)
FN:86,(anonymous_15)
FN:94,(anonymous_16)
FN:96,(anonymous_17)
FN:100,(anonymous_18)
FNF:19
FNH:3
FNDA:1,(anonymous_0)
FNDA:0,(anonymous_1)
FNDA:0,(anonymous_2)
FNDA:0,(anonymous_3)
FNDA:0,(anonymous_4)
FNDA:0,(anonymous_5)
FNDA:0,(anonymous_6)
FNDA:1,(anonymous_7)
FNDA:0,(anonymous_8)
FNDA:1,(anonymous_9)
FNDA:0,(anonymous_10)
FNDA:0,(anonymous_11)
FNDA:0,(anonymous_12)
FNDA:0,(anonymous_13)
FNDA:0,(anonymous_14)
FNDA:0,(anonymous_15)
FNDA:0,(anonymous_16)
FNDA:0,(anonymous_17)
FNDA:0,(anonymous_18)
DA:11,1
DA:12,1
DA:13,1
DA:14,1
DA:15,1
DA:16,1
DA:18,1
DA:19,1
DA:20,1
DA:21,1
DA:24,1
DA:25,1
DA:29,1
DA:30,0
DA:31,0
DA:32,0
DA:33,0
DA:38,1
DA:39,0
DA:40,0
DA:41,0
DA:42,0
DA:47,1
DA:48,0
DA:49,0
DA:50,0
DA:51,0
DA:56,1
DA:57,1
DA:58,1
DA:59,0
DA:60,0
DA:62,1
DA:67,1
DA:68,0
DA:69,0
DA:71,0
DA:72,0
DA:73,0
DA:75,0
DA:80,1
DA:81,0
DA:82,0
DA:83,0
DA:84,0
DA:85,0
DA:87,0
DA:88,0
DA:94,1
DA:95,0
DA:96,0
DA:97,0
DA:98,0
DA:99,0
DA:101,0
LF:55
LH:22
BRF:0
BRH:0
end_of_record
